<?xml version="1.0" encoding="utf-8"?>
<coverage line-rate="0.8955" branch-rate="1" version="1.9" timestamp="1595250539" lines-covered="60" lines-valid="67" branches-covered="2" branches-valid="2">
  <sources>
    <source>C:\repos\Sync_Talk\UnitTestCourse\Sync.Talk.Console\</source>
  </sources>
  <packages>
    <package name="Sync.Talk" line-rate="0.8955" branch-rate="1" complexity="28">
      <classes>
        <class name="Sync.Talk.PersonRepository.PersonRepository" filename="PersonRepository\PersonRepository.cs" line-rate="0.7" branch-rate="1" complexity="3">
          <methods>
            <method name="GetFullNameById" signature="(System.Int32)" line-rate="0" branch-rate="1" complexity="1">
              <lines>
                <line number="19" hits="0" branch="False" />
                <line number="20" hits="0" branch="False" />
                <line number="21" hits="0" branch="False" />
              </lines>
            </method>
            <method name="GetTop" signature="(System.Int32)" line-rate="1" branch-rate="1" complexity="1">
              <lines>
                <line number="24" hits="3" branch="False" />
                <line number="25" hits="1113" branch="False" />
                <line number="26" hits="3" branch="False" />
              </lines>
            </method>
            <method name=".ctor" signature="(Sync.Talk.PersonRepository.IExternalDatabase)" line-rate="1" branch-rate="1" complexity="1">
              <lines>
                <line number="13" hits="3" branch="False" />
                <line number="14" hits="3" branch="False" />
                <line number="15" hits="3" branch="False" />
                <line number="16" hits="3" branch="False" />
              </lines>
            </method>
          </methods>
          <lines>
            <line number="19" hits="0" branch="False" />
            <line number="20" hits="0" branch="False" />
            <line number="21" hits="0" branch="False" />
            <line number="24" hits="3" branch="False" />
            <line number="25" hits="1113" branch="False" />
            <line number="26" hits="3" branch="False" />
            <line number="13" hits="3" branch="False" />
            <line number="14" hits="3" branch="False" />
            <line number="15" hits="3" branch="False" />
            <line number="16" hits="3" branch="False" />
          </lines>
        </class>
        <class name="Domain.Transaction.Transaction" filename="Transaction\Transaction.cs" line-rate="0.9" branch-rate="1" complexity="7">
          <methods>
            <method name="get_TransactionId" signature="()" line-rate="0" branch-rate="1" complexity="1">
              <lines>
                <line number="14" hits="0" branch="False" />
              </lines>
            </method>
            <method name="get_TransactionDate" signature="()" line-rate="0" branch-rate="1" complexity="1">
              <lines>
                <line number="15" hits="0" branch="False" />
              </lines>
            </method>
            <method name="get_Amount" signature="()" line-rate="1" branch-rate="1" complexity="1">
              <lines>
                <line number="16" hits="56" branch="False" />
              </lines>
            </method>
            <method name="Sum" signature="(System.Decimal)" line-rate="1" branch-rate="1" complexity="1">
              <lines>
                <line number="18" hits="7" branch="False" />
                <line number="19" hits="7" branch="False" />
                <line number="20" hits="7" branch="False" />
                <line number="21" hits="7" branch="False" />
              </lines>
            </method>
            <method name="Subtract" signature="(System.Decimal)" line-rate="1" branch-rate="1" complexity="1">
              <lines>
                <line number="23" hits="2" branch="False" />
                <line number="24" hits="2" branch="False" />
                <line number="25" hits="2" branch="False" />
                <line number="26" hits="2" branch="False" />
              </lines>
            </method>
            <method name="Divide" signature="(System.Decimal)" line-rate="1" branch-rate="1" complexity="1">
              <lines>
                <line number="28" hits="2" branch="False" />
                <line number="29" hits="2" branch="False" />
                <line number="30" hits="1" branch="False" />
              </lines>
            </method>
            <method name=".ctor" signature="(System.String,System.DateTime,System.Decimal)" line-rate="1" branch-rate="1" complexity="1">
              <lines>
                <line number="7" hits="14" branch="False" />
                <line number="8" hits="14" branch="False" />
                <line number="9" hits="14" branch="False" />
                <line number="10" hits="14" branch="False" />
                <line number="11" hits="14" branch="False" />
                <line number="12" hits="14" branch="False" />
              </lines>
            </method>
          </methods>
          <lines>
            <line number="14" hits="0" branch="False" />
            <line number="15" hits="0" branch="False" />
            <line number="16" hits="56" branch="False" />
            <line number="18" hits="7" branch="False" />
            <line number="19" hits="7" branch="False" />
            <line number="20" hits="7" branch="False" />
            <line number="21" hits="7" branch="False" />
            <line number="23" hits="2" branch="False" />
            <line number="24" hits="2" branch="False" />
            <line number="25" hits="2" branch="False" />
            <line number="26" hits="2" branch="False" />
            <line number="28" hits="2" branch="False" />
            <line number="29" hits="2" branch="False" />
            <line number="30" hits="1" branch="False" />
            <line number="7" hits="14" branch="False" />
            <line number="8" hits="14" branch="False" />
            <line number="9" hits="14" branch="False" />
            <line number="10" hits="14" branch="False" />
            <line number="11" hits="14" branch="False" />
            <line number="12" hits="14" branch="False" />
          </lines>
        </class>
        <class name="Domain.Person.ImmutablePerson" filename="Person\ImmutablePerson.cs" line-rate="1" branch-rate="1" complexity="6">
          <methods>
            <method name="get_Id" signature="()" line-rate="1" branch-rate="1" complexity="1">
              <lines>
                <line number="33" hits="1" branch="False" />
              </lines>
            </method>
            <method name="get_FirstName" signature="()" line-rate="1" branch-rate="1" complexity="1">
              <lines>
                <line number="34" hits="1" branch="False" />
              </lines>
            </method>
            <method name="get_LastName" signature="()" line-rate="1" branch-rate="1" complexity="1">
              <lines>
                <line number="35" hits="1" branch="False" />
              </lines>
            </method>
            <method name="get_Email" signature="()" line-rate="1" branch-rate="1" complexity="1">
              <lines>
                <line number="36" hits="1" branch="False" />
              </lines>
            </method>
            <method name="get_DateOfBirth" signature="()" line-rate="1" branch-rate="1" complexity="1">
              <lines>
                <line number="37" hits="3" branch="False" />
              </lines>
            </method>
            <method name=".ctor" signature="(System.Int32,System.String,System.String,System.String,System.DateTime)" line-rate="1" branch-rate="1" complexity="1">
              <lines>
                <line number="24" hits="1" branch="False" />
                <line number="25" hits="1" branch="False" />
                <line number="26" hits="1" branch="False" />
                <line number="27" hits="1" branch="False" />
                <line number="28" hits="1" branch="False" />
                <line number="29" hits="1" branch="False" />
                <line number="30" hits="1" branch="False" />
                <line number="31" hits="1" branch="False" />
              </lines>
            </method>
          </methods>
          <lines>
            <line number="33" hits="1" branch="False" />
            <line number="34" hits="1" branch="False" />
            <line number="35" hits="1" branch="False" />
            <line number="36" hits="1" branch="False" />
            <line number="37" hits="3" branch="False" />
            <line number="24" hits="1" branch="False" />
            <line number="25" hits="1" branch="False" />
            <line number="26" hits="1" branch="False" />
            <line number="27" hits="1" branch="False" />
            <line number="28" hits="1" branch="False" />
            <line number="29" hits="1" branch="False" />
            <line number="30" hits="1" branch="False" />
            <line number="31" hits="1" branch="False" />
          </lines>
        </class>
        <class name="Domain.Person.Person" filename="Person\Person.cs" line-rate="1" branch-rate="1" complexity="5">
          <methods>
            <method name="get_Id" signature="()" line-rate="1" branch-rate="1" complexity="1">
              <lines>
                <line number="7" hits="1112" branch="False" />
              </lines>
            </method>
            <method name="get_FirstName" signature="()" line-rate="1" branch-rate="1" complexity="1">
              <lines>
                <line number="8" hits="2222" branch="False" />
              </lines>
            </method>
            <method name="get_LastName" signature="()" line-rate="1" branch-rate="1" complexity="1">
              <lines>
                <line number="9" hits="1112" branch="False" />
              </lines>
            </method>
            <method name="get_Email" signature="()" line-rate="1" branch-rate="1" complexity="1">
              <lines>
                <line number="10" hits="1112" branch="False" />
              </lines>
            </method>
            <method name="get_DateOfBirth" signature="()" line-rate="1" branch-rate="1" complexity="1">
              <lines>
                <line number="11" hits="1114" branch="False" />
              </lines>
            </method>
          </methods>
          <lines>
            <line number="7" hits="1112" branch="False" />
            <line number="8" hits="2222" branch="False" />
            <line number="9" hits="1112" branch="False" />
            <line number="10" hits="1112" branch="False" />
            <line number="11" hits="1114" branch="False" />
          </lines>
        </class>
        <class name="Domain.AuthorizedTransaction.AuthorizedTransaction" filename="AuthorizedTransaction\AuthorizedTransaction.cs" line-rate="0.8823000000000001" branch-rate="1" complexity="6">
          <methods>
            <method name="get_TransactionId" signature="()" line-rate="0" branch-rate="1" complexity="1">
              <lines>
                <line number="19" hits="0" branch="False" />
              </lines>
            </method>
            <method name="get_TransactionDate" signature="()" line-rate="0" branch-rate="1" complexity="1">
              <lines>
                <line number="20" hits="0" branch="False" />
              </lines>
            </method>
            <method name="get_Amount" signature="()" line-rate="1" branch-rate="1" complexity="1">
              <lines>
                <line number="21" hits="9" branch="False" />
              </lines>
            </method>
            <method name="Sum" signature="(System.Decimal)" line-rate="1" branch-rate="1" complexity="2">
              <lines>
                <line number="23" hits="3" branch="False" />
                <line number="24" hits="3" branch="True" condition-coverage="100% (2/2)">
                  <conditions>
                    <condition number="14" type="jump" coverage="100%" />
                  </conditions>
                </line>
                <line number="25" hits="1" branch="False" />
                <line number="26" hits="1" branch="False" />
                <line number="27" hits="1" branch="False" />
                <line number="28" hits="2" branch="False" />
                <line number="29" hits="2" branch="False" />
              </lines>
            </method>
            <method name=".ctor" signature="(System.String,System.DateTime,System.Decimal,Domain.AuthorizedTransaction.IExternalAuthorization)" line-rate="1" branch-rate="1" complexity="1">
              <lines>
                <line number="11" hits="3" branch="False" />
                <line number="12" hits="3" branch="False" />
                <line number="13" hits="3" branch="False" />
                <line number="14" hits="3" branch="False" />
                <line number="15" hits="3" branch="False" />
                <line number="16" hits="3" branch="False" />
                <line number="17" hits="3" branch="False" />
              </lines>
            </method>
          </methods>
          <lines>
            <line number="19" hits="0" branch="False" />
            <line number="20" hits="0" branch="False" />
            <line number="21" hits="9" branch="False" />
            <line number="23" hits="3" branch="False" />
            <line number="24" hits="3" branch="True" condition-coverage="100% (2/2)">
              <conditions>
                <condition number="14" type="jump" coverage="100%" />
              </conditions>
            </line>
            <line number="25" hits="1" branch="False" />
            <line number="26" hits="1" branch="False" />
            <line number="27" hits="1" branch="False" />
            <line number="28" hits="2" branch="False" />
            <line number="29" hits="2" branch="False" />
            <line number="11" hits="3" branch="False" />
            <line number="12" hits="3" branch="False" />
            <line number="13" hits="3" branch="False" />
            <line number="14" hits="3" branch="False" />
            <line number="15" hits="3" branch="False" />
            <line number="16" hits="3" branch="False" />
            <line number="17" hits="3" branch="False" />
          </lines>
        </class>
        <class name="Domain.AuthorizedTransaction.ExternalAuthorization" filename="AuthorizedTransaction\ExternalAuthorization.cs" line-rate="1" branch-rate="1" complexity="1">
          <methods>
            <method name="IsAuthorized" signature="()" line-rate="1" branch-rate="1" complexity="1">
              <lines>
                <line number="8" hits="1" branch="False" />
                <line number="11" hits="1" branch="False" />
              </lines>
            </method>
          </methods>
          <lines>
            <line number="8" hits="1" branch="False" />
            <line number="11" hits="1" branch="False" />
          </lines>
        </class>
      </classes>
    </package>
  </packages>
</coverage>